# JRE version: Java(TM) SE Runtime Environment (8.0_221-b11) (build 1.8.0_221-b11)
# Java VM: Java HotSpot(TM) 64-Bit Server VM (25.221-b11 mixed mode windows-amd64 compressed oops)
Heap:
 PSYoungGen      total 116224K, used 40517K [0x00000000d5e00000, 0x00000000ddd00000, 0x0000000100000000)
  eden space 106496K, 38% used [0x00000000d5e00000,0x00000000d85916d8,0x00000000dc600000)
  from space 9728K, 0% used [0x00000000dd200000,0x00000000dd200000,0x00000000ddb80000)
  to   space 11776K, 0% used [0x00000000dc600000,0x00000000dc600000,0x00000000dd180000)
 ParOldGen       total 76800K, used 16362K [0x0000000081a00000, 0x0000000086500000, 0x00000000d5e00000)
  object space 76800K, 21% used [0x0000000081a00000,0x00000000829fa8d0,0x0000000086500000)
 Metaspace       used 38446K, capacity 40224K, committed 40576K, reserved 1083392K
  class space    used 5303K, capacity 5668K, committed 5760K, reserved 1048576K
GC Heap History (10 events):
Event: 1.965 GC heap before
{Heap before GC invocations=6 (full 1):
 PSYoungGen      total 71680K, used 5096K [0x00000000d5e00000, 0x00000000da900000, 0x0000000100000000)
  eden space 66560K, 0% used [0x00000000d5e00000,0x00000000d5e00000,0x00000000d9f00000)
  from space 5120K, 99% used [0x00000000d9f00000,0x00000000da3fa190,0x00000000da400000)
  to   space 5120K, 0% used [0x00000000da400000,0x00000000da400000,0x00000000da900000)
 ParOldGen       total 87552K, used 6699K [0x0000000081a00000, 0x0000000086f80000, 0x00000000d5e00000)
  object space 87552K, 7% used [0x0000000081a00000,0x000000008208ace0,0x0000000086f80000)
 Metaspace       used 20477K, capacity 21234K, committed 21296K, reserved 1067008K
  class space    used 2756K, capacity 2939K, committed 2944K, reserved 1048576K
Event: 1.997 GC heap after
Heap after GC invocations=6 (full 1):
 PSYoungGen      total 71680K, used 0K [0x00000000d5e00000, 0x00000000da900000, 0x0000000100000000)
  eden space 66560K, 0% used [0x00000000d5e00000,0x00000000d5e00000,0x00000000d9f00000)
  from space 5120K, 0% used [0x00000000d9f00000,0x00000000d9f00000,0x00000000da400000)
  to   space 5120K, 0% used [0x00000000da400000,0x00000000da400000,0x00000000da900000)
 ParOldGen       total 49152K, used 5740K [0x0000000081a00000, 0x0000000084a00000, 0x00000000d5e00000)
  object space 49152K, 11% used [0x0000000081a00000,0x0000000081f9b290,0x0000000084a00000)
 Metaspace       used 20476K, capacity 21228K, committed 21296K, reserved 1067008K
  class space    used 2756K, capacity 2938K, committed 2944K, reserved 1048576K
}
Event: 2.864 GC heap before
{Heap before GC invocations=7 (full 1):
 PSYoungGen      total 71680K, used 66560K [0x00000000d5e00000, 0x00000000da900000, 0x0000000100000000)
  eden space 66560K, 100% used [0x00000000d5e00000,0x00000000d9f00000,0x00000000d9f00000)
  from space 5120K, 0% used [0x00000000d9f00000,0x00000000d9f00000,0x00000000da400000)
  to   space 5120K, 0% used [0x00000000da400000,0x00000000da400000,0x00000000da900000)
 ParOldGen       total 49152K, used 5740K [0x0000000081a00000, 0x0000000084a00000, 0x00000000d5e00000)
  object space 49152K, 11% used [0x0000000081a00000,0x0000000081f9b290,0x0000000084a00000)
 Metaspace       used 24679K, capacity 25870K, committed 25984K, reserved 1071104K
  class space    used 3383K, capacity 3651K, committed 3712K, reserved 1048576K
Event: 2.870 GC heap after
Heap after GC invocations=7 (full 1):
 PSYoungGen      total 67072K, used 5110K [0x00000000d5e00000, 0x00000000de600000, 0x0000000100000000)
  eden space 61952K, 0% used [0x00000000d5e00000,0x00000000d5e00000,0x00000000d9a80000)
  from space 5120K, 99% used [0x00000000da400000,0x00000000da8fd948,0x00000000da900000)
  to   space 9728K, 0% used [0x00000000d9a80000,0x00000000d9a80000,0x00000000da400000)
 ParOldGen       total 49152K, used 8354K [0x0000000081a00000, 0x0000000084a00000, 0x00000000d5e00000)
  object space 49152K, 16% used [0x0000000081a00000,0x0000000082228b88,0x0000000084a00000)
 Metaspace       used 24679K, capacity 25870K, committed 25984K, reserved 1071104K
  class space    used 3383K, capacity 3651K, committed 3712K, reserved 1048576K
}
Event: 3.325 GC heap before
{Heap before GC invocations=8 (full 1):
 PSYoungGen      total 67072K, used 67030K [0x00000000d5e00000, 0x00000000de600000, 0x0000000100000000)
  eden space 61952K, 99% used [0x00000000d5e00000,0x00000000d9a780f8,0x00000000d9a80000)
  from space 5120K, 99% used [0x00000000da400000,0x00000000da8fd948,0x00000000da900000)
  to   space 9728K, 0% used [0x00000000d9a80000,0x00000000d9a80000,0x00000000da400000)
 ParOldGen       total 49152K, used 8354K [0x0000000081a00000, 0x0000000084a00000, 0x00000000d5e00000)
  object space 49152K, 16% used [0x0000000081a00000,0x0000000082228b88,0x0000000084a00000)
 Metaspace       used 27613K, capacity 29230K, committed 29440K, reserved 1075200K
  class space    used 3787K, capacity 4087K, committed 4096K, reserved 1048576K
Event: 3.330 GC heap after
Heap after GC invocations=8 (full 1):
 PSYoungGen      total 71680K, used 7425K [0x00000000d5e00000, 0x00000000ddb80000, 0x0000000100000000)
  eden space 61952K, 0% used [0x00000000d5e00000,0x00000000d5e00000,0x00000000d9a80000)
  from space 9728K, 76% used [0x00000000d9a80000,0x00000000da1c0608,0x00000000da400000)
  to   space 9728K, 0% used [0x00000000dd200000,0x00000000dd200000,0x00000000ddb80000)
 ParOldGen       total 49152K, used 8362K [0x0000000081a00000, 0x0000000084a00000, 0x00000000d5e00000)
  object space 49152K, 17% used [0x0000000081a00000,0x000000008222ab88,0x0000000084a00000)
 Metaspace       used 27613K, capacity 29230K, committed 29440K, reserved 1075200K
  class space    used 3787K, capacity 4087K, committed 4096K, reserved 1048576K
}
Event: 4.211 GC heap before
{Heap before GC invocations=9 (full 1):
 PSYoungGen      total 71680K, used 69370K [0x00000000d5e00000, 0x00000000ddb80000, 0x0000000100000000)
  eden space 61952K, 99% used [0x00000000d5e00000,0x00000000d9a7e520,0x00000000d9a80000)
  from space 9728K, 76% used [0x00000000d9a80000,0x00000000da1c0608,0x00000000da400000)
  to   space 9728K, 0% used [0x00000000dd200000,0x00000000dd200000,0x00000000ddb80000)
 ParOldGen       total 49152K, used 8362K [0x0000000081a00000, 0x0000000084a00000, 0x00000000d5e00000)
  object space 49152K, 17% used [0x0000000081a00000,0x000000008222ab88,0x0000000084a00000)
 Metaspace       used 33666K, capacity 35382K, committed 35496K, reserved 1079296K
  class space    used 4764K, capacity 5099K, committed 5120K, reserved 1048576K
Event: 4.222 GC heap after
Heap after GC invocations=9 (full 1):
 PSYoungGen      total 116224K, used 9705K [0x00000000d5e00000, 0x00000000ddd00000, 0x0000000100000000)
  eden space 106496K, 0% used [0x00000000d5e00000,0x00000000d5e00000,0x00000000dc600000)
  from space 9728K, 99% used [0x00000000dd200000,0x00000000ddb7a540,0x00000000ddb80000)
  to   space 11776K, 0% used [0x00000000dc600000,0x00000000dc600000,0x00000000dd180000)
 ParOldGen       total 49152K, used 10291K [0x0000000081a00000, 0x0000000084a00000, 0x00000000d5e00000)
  object space 49152K, 20% used [0x0000000081a00000,0x000000008240cea8,0x0000000084a00000)
 Metaspace       used 33666K, capacity 35382K, committed 35496K, reserved 1079296K
  class space    used 4764K, capacity 5099K, committed 5120K, reserved 1048576K
}
Event: 4.222 GC heap before
{Heap before GC invocations=10 (full 2):
 PSYoungGen      total 116224K, used 9705K [0x00000000d5e00000, 0x00000000ddd00000, 0x0000000100000000)
  eden space 106496K, 0% used [0x00000000d5e00000,0x00000000d5e00000,0x00000000dc600000)
  from space 9728K, 99% used [0x00000000dd200000,0x00000000ddb7a540,0x00000000ddb80000)
  to   space 11776K, 0% used [0x00000000dc600000,0x00000000dc600000,0x00000000dd180000)
 ParOldGen       total 49152K, used 10291K [0x0000000081a00000, 0x0000000084a00000, 0x00000000d5e00000)
  object space 49152K, 20% used [0x0000000081a00000,0x000000008240cea8,0x0000000084a00000)
 Metaspace       used 33666K, capacity 35382K, committed 35496K, reserved 1079296K
  class space    used 4764K, capacity 5099K, committed 5120K, reserved 1048576K
Event: 4.324 GC heap after
Heap after GC invocations=10 (full 2):
 PSYoungGen      total 116224K, used 0K [0x00000000d5e00000, 0x00000000ddd00000, 0x0000000100000000)
  eden space 106496K, 0% used [0x00000000d5e00000,0x00000000d5e00000,0x00000000dc600000)
  from space 9728K, 0% used [0x00000000dd200000,0x00000000dd200000,0x00000000ddb80000)
  to   space 11776K, 0% used [0x00000000dc600000,0x00000000dc600000,0x00000000dd180000)
 ParOldGen       total 76800K, used 16362K [0x0000000081a00000, 0x0000000086500000, 0x00000000d5e00000)
  object space 76800K, 21% used [0x0000000081a00000,0x00000000829fa8d0,0x0000000086500000)
 Metaspace       used 33666K, capacity 35382K, committed 35496K, reserved 1079296K
  class space    used 4764K, capacity 5099K, committed 5120K, reserved 1048576K
}

